<?xml version="1.0" encoding="UTF-8"?>
<testng-results ignored="0" total="1" passed="1" failed="0" skipped="0">
  <reporter-output>
  </reporter-output>
  <suite started-at="2023-06-02T16:06:48 IST" name="Default suite" finished-at="2023-06-02T16:06:48 IST" duration-ms="79">
    <groups>
    </groups>
    <test started-at="2023-06-02T16:06:48 IST" name="Default test" finished-at="2023-06-02T16:06:48 IST" duration-ms="79">
      <class name="tilak.Pgm1">
        <test-method signature="test1()[pri:0, instance:tilak.Pgm1@6253c26]" started-at="2023-06-02T16:06:48 IST" name="test1" finished-at="2023-06-02T16:06:48 IST" duration-ms="9" status="PASS">
          <reporter-output>
          </reporter-output>
        </test-method> <!-- test1 -->
      </class> <!-- tilak.Pgm1 -->
    </test> <!-- Default test -->
  </suite> <!-- Default suite -->
</testng-results>
